<?xml version="1.0" encoding="UTF-8"?>
<testsuite name="SILab2Test" tests="2" skipped="0" failures="0" errors="0" timestamp="2021-05-20T21:38:48" hostname="LAPTOP-296QETE5" time="0.024">
  <properties/>
  <testcase name="everyBranchTest()" classname="SILab2Test" time="0.021"/>
  <testcase name="multipleConditionTest()" classname="SILab2Test" time="0.003"/>
  <system-out><![CDATA[]]></system-out>
  <system-err><![CDATA[]]></system-err>
</testsuite>
